0x4e68ccd3e89f51c3074ca5072bbac773960dfa36
dp
taint
0x7efaef62fddcca950418312c6c91aef321375a00
dp
taint
dp
taint
0xb8919522331c59f5c16bdfaa6a121a6e03a91f62
dp
taint
dp
taint
0xe0570ddfca69e5e90d83ea04bb33824d3bbe6a85
dp
taint
dp
taint
AMP
dp
taint
dp
taint
DFX
dp
taint
dp
taint
JAY
dp
JAY
dp
taint
dp
taint
Orion
dp
taint
dp
taint
Rari
dp
taint
dp
taint
alpha-lending-smart-contract
dp
taint
dp
taint
defi-sdk
dp
taint
dp
taint
n00dToken
dp
taint
dp
taint
visor
dp
taint
dp
taint
---------------------------------
0x1887118e49e0f4a78bd71b792a49de03504a764d
dp
taint
---------------------------------
0x1887118e49e0f4a78bd71b792a49de03504a764d
dp
taint
---------------------------------
0x3d5bc3c8d13dcb8bf317092d84783c2697ae9258
dp
taint
dp
taint
---------------------------------
0x4e68ccd3e89f51c3074ca5072bbac773960dfa36
dp
taint
dp
taint
---------------------------------
0x7efaef62fddcca950418312c6c91aef321375a00
dp
taint
dp
taint
---------------------------------
0xb8919522331c59f5c16bdfaa6a121a6e03a91f62
dp
taint
dp
taint
---------------------------------
0xe0570ddfca69e5e90d83ea04bb33824d3bbe6a85
dp
taint
dp
taint
---------------------------------
AMP
dp
taint
dp
taint
---------------------------------
DFX
dp
taint
dp
taint
---------------------------------
JAY
dp
taint
dp
taint
---------------------------------
Orion
dp
taint
dp
taint
---------------------------------
Rari
dp
taint
dp
taint
---------------------------------
alpha-lending-smart-contract
dp
taint
dp
taint
---------------------------------
defi-sdk
dp
taint
dp
taint
---------------------------------
few_shot_examples
---------------------------------
n00dToken
dp
taint
dp
taint
---------------------------------
visor
dp
taint
dp
taint
